Build started 6/10/2012 11:11:37 AM.
     1>Project "E:\Documents\KULIAHH\GrafKom\tugasbesar\tugasbesar\tugasbesar.vcxproj" on node 2 (build target(s)).
     1>InitializeBuildStatus:
         Creating "Debug\tugasbesar.unsuccessfulbuild" because "AlwaysCreate" was specified.
       ClCompile:
         C:\Program Files\Microsoft Visual Studio 10.0\VC\bin\CL.exe /c /ZI /nologo /W3 /WX- /Od /Oy- /D WIN32 /D _DEBUG /D _CONSOLE /D _UNICODE /D UNICODE /Gm /EHsc /RTC1 /MDd /GS /fp:precise /Zc:wchar_t /Zc:forScope /Fo"Debug\\" /Fd"Debug\vc100.pdb" /Gd /TP /analyze- /errorReport:prompt tugasbesar.cpp
         tugasbesar.cpp
     1>e:\documents\kuliahh\grafkom\tugasbesar\tugasbesar\tugasbesar.cpp(36): warning C4554: '^' : check operator precedence for possible error; use parentheses to clarify precedence
     1>e:\documents\kuliahh\grafkom\tugasbesar\tugasbesar\tugasbesar.cpp(41): warning C4554: '^' : check operator precedence for possible error; use parentheses to clarify precedence
       ManifestResourceCompile:
         All outputs are up-to-date.
       Link:
         C:\Program Files\Microsoft Visual Studio 10.0\VC\bin\link.exe /ERRORREPORT:PROMPT /OUT:"E:\Documents\KULIAHH\GrafKom\tugasbesar\Debug\tugasbesar.exe" /INCREMENTAL /NOLOGO opengl32.lib glut32.lib glu32.lib glaux.lib kernel32.lib user32.lib gdi32.lib winspool.lib comdlg32.lib advapi32.lib shell32.lib ole32.lib oleaut32.lib uuid.lib odbc32.lib odbccp32.lib /MANIFEST /ManifestFile:"Debug\tugasbesar.exe.intermediate.manifest" /MANIFESTUAC:"level='asInvoker' uiAccess='false'" /DEBUG /PDB:"E:\Documents\KULIAHH\GrafKom\tugasbesar\Debug\tugasbesar.pdb" /SUBSYSTEM:CONSOLE /TLBID:1 /DYNAMICBASE /NXCOMPAT /IMPLIB:"E:\Documents\KULIAHH\GrafKom\tugasbesar\Debug\tugasbesar.lib" /MACHINE:X86 Debug\tugasbesar.exe.embed.manifest.res
         Debug\tugasbesar.obj
       Manifest:
         C:\Program Files\Microsoft SDKs\Windows\v7.0A\bin\mt.exe /nologo /verbose /out:"Debug\tugasbesar.exe.embed.manifest" /manifest Debug\tugasbesar.exe.intermediate.manifest
         All outputs are up-to-date.
       LinkEmbedManifest:
         All outputs are up-to-date.
         tugasbesar.vcxproj -> E:\Documents\KULIAHH\GrafKom\tugasbesar\Debug\tugasbesar.exe
       FinalizeBuildStatus:
         Deleting file "Debug\tugasbesar.unsuccessfulbuild".
         Touching "Debug\tugasbesar.lastbuildstate".
     1>Done Building Project "E:\Documents\KULIAHH\GrafKom\tugasbesar\tugasbesar\tugasbesar.vcxproj" (build target(s)).

Build succeeded.

Time Elapsed 00:00:01.40
